open source     > 1 > 1 > /Users/karandesai/Documents/code/resume_github/pandoc_resume/tex/texmf-context/tex/context/base/mkiv/cont-yes.mkiv

ConTeXt  ver: 2016.06.10 23:51 MKIV beta  fmt: 2016.6.11  int: english/english

system          > 'cont-new.mkiv' loaded
open source     > 2 > 2 > /Users/karandesai/Documents/code/resume_github/pandoc_resume/tex/texmf-context/tex/context/base/mkiv/cont-new.mkiv
close source    > 2 > 2 > /Users/karandesai/Documents/code/resume_github/pandoc_resume/tex/texmf-context/tex/context/base/mkiv/cont-new.mkiv
system          > files > jobname 'resume', input './resume', result 'resume'
fonts           > latin modern fonts are not preloaded
languages       > language 'en' is active
open source     > 2 > 3 > /Users/karandesai/Documents/code/resume_github/pandoc_resume/resume.tex
colors          > defining > unknown library 'hex'
open source     > 3 > 4 > /Users/karandesai/Documents/code/resume_github/pandoc_resume/tex/texmf-context/tex/context/fonts/mkiv/type-imp-texgyre.mkiv
close source    > 3 > 4 > /Users/karandesai/Documents/code/resume_github/pandoc_resume/tex/texmf-context/tex/context/fonts/mkiv/type-imp-texgyre.mkiv
structure       > sectioning > section @ level 3 : 0.0.1 -> Karan Desai
structure       > sectioning > subsection @ level 4 : 0.0.1.1 -> Experience
structure       > sectioning > subsection @ level 4 : 0.0.1.2 -> Education
backend         > xmp > using file '/Users/karandesai/Documents/code/resume_github/pandoc_resume/tex/texmf-context/tex/context/base/mkiv/lpdf-pdx.xml'
pages           > flushing realpage 1, userpage 1
close source    > 2 > 4 > /Users/karandesai/Documents/code/resume_github/pandoc_resume/resume.tex
close source    > 1 > 4 > /Users/karandesai/Documents/code/resume_github/pandoc_resume/tex/texmf-context/tex/context/base/mkiv/cont-yes.mkiv

system          > structure > start used structure

used structure  > text: resume

system          > structure > stop used structure


system          > files > start used files

used file       >    1: filename=cont-yes.mkiv filetype=tex foundname=/Users/karandesai/Documents/code/resume_github/pandoc_resume/tex/texmf-context/tex/context/base/mkiv/cont-yes.mkiv usedmethod=database
used file       >    2: filename=publ-imp-default.lua filetype=scripts foundname=/Users/karandesai/Documents/code/resume_github/pandoc_resume/tex/texmf-context/tex/context/base/mkiv/publ-imp-default.lua usedmethod=database
used file       >    3: filename=cont-new.mkiv filetype=tex foundname=/Users/karandesai/Documents/code/resume_github/pandoc_resume/tex/texmf-context/tex/context/base/mkiv/cont-new.mkiv usedmethod=database
used file       >    4: filename=lang-us.lua filetype=scripts foundname=/Users/karandesai/Documents/code/resume_github/pandoc_resume/tex/texmf-context/tex/context/patterns/mkiv/lang-us.lua usedmethod=database
used file       >    5: filename=/Users/karandesai/Documents/code/resume_github/pandoc_resume/resume.tex foundname=/Users/karandesai/Documents/code/resume_github/pandoc_resume/resume.tex usedmethod=direct
used file       >    6: filename=type-imp-texgyre.mkiv filetype=tex foundname=/Users/karandesai/Documents/code/resume_github/pandoc_resume/tex/texmf-context/tex/context/fonts/mkiv/type-imp-texgyre.mkiv usedmethod=database
used file       >    7: filename=lm.lfg filetype=tex foundname=/Users/karandesai/Documents/code/resume_github/pandoc_resume/tex/texmf-context/tex/context/fonts/mkiv/lm.lfg usedmethod=database
used file       >    8: filename=texgyreheros-regular filetype=otf format=otf foundname=/Users/karandesai/Documents/code/resume_github/pandoc_resume/tex/texmf/fonts/opentype/public/tex-gyre/texgyreheros-regular.otf usedmethod=database
used file       >    9: filename=latinmodern-math.otf filetype=opentypefonts foundname=/Users/karandesai/Documents/code/resume_github/pandoc_resume/tex/texmf/fonts/opentype/public/lm-math/latinmodern-math.otf usedmethod=database
used file       >   10: filename=texgyreheros-bold filetype=otf format=otf foundname=/Users/karandesai/Documents/code/resume_github/pandoc_resume/tex/texmf/fonts/opentype/public/tex-gyre/texgyreheros-bold.otf usedmethod=database
used file       >   11: filename=texgyreheros-italic filetype=otf format=otf foundname=/Users/karandesai/Documents/code/resume_github/pandoc_resume/tex/texmf/fonts/opentype/public/tex-gyre/texgyreheros-italic.otf usedmethod=database
used file       >   12: filename=lpdf-pdx.xml filetype=tex foundname=/Users/karandesai/Documents/code/resume_github/pandoc_resume/tex/texmf-context/tex/context/base/mkiv/lpdf-pdx.xml usedmethod=database

system          > files > stop used files


system          > options > start commandline options

used option     > currentrun="1"
used option     > fulljobname="./resume.tex"
used option     > input="./resume.tex"
used option     > kindofrun="1"
used option     > maxnofruns="9"
used option     > no-parse-first-line="true"

system          > options > stop commandline options

system          > options > start commandline files

used file       >    1: ./resume.tex

system          > options > stop commandline files


mkiv lua stats  > used config file: selfautoparent:/texmf/web2c/texmfcnf.lua
mkiv lua stats  > used cache path: /Users/karandesai/Documents/code/resume_github/pandoc_resume/tex/texmf-cache/luatex-cache/context/5fe67e0bfe781ce0dde776fb1556f32e
mkiv lua stats  > resource resolver: loadtime 0.009 seconds, 0 scans with scantime 0.000 seconds, 0 shared scans, 12 found files, scanned paths: <none>
mkiv lua stats  > stored bytecode data: 392 modules (0.214 sec), 83 tables (0.010 sec), 475 chunks (0.224 sec)
mkiv lua stats  > traced context: maxstack: 1181, freed: 0, unreachable: 1181
mkiv lua stats  > cleaned up reserved nodes: 57 nodes, 9 lists of 446
mkiv lua stats  > node memory usage: 13 glue, 2 penalty, 34 attribute, 38 glue_spec, 10 attribute_list, 2 temp, 2 user_defined
mkiv lua stats  > node list callback tasks: 6 unique task lists, 5 instances (re)created, 210 calls
mkiv lua stats  > used backend: pdf (backend for directly generating pdf output)
mkiv lua stats  > jobdata time: 0.001 seconds saving, 0.001 seconds loading
mkiv lua stats  > callbacks: 439 direct, 688 indirect, 1127 total
mkiv lua stats  > randomizer: resumed with value 0.88418191246883
mkiv lua stats  > loaded patterns: en::2, load time: 0.000
mkiv lua stats  > interactive elements: 0 references, 10 destinations
mkiv lua stats  > result saved in file: resume.pdf, compresslevel 3, objectcompresslevel 3
mkiv lua stats  > loaded fonts: 4 files: latinmodern-math.otf, texgyreheros-bold.otf, texgyreheros-italic.otf, texgyreheros-regular.otf
mkiv lua stats  > font engine: otf 3.022, afm 1.512, tfm 1.000, 10 instances, 4 shared in backend, 0 common vectors, 4 common hashes, load time 0.213 seconds 
mkiv lua stats  > used platform: osx-64, type: unix, binary subtree: texmf-osx-64
mkiv lua stats  > luatex banner: this is luatex, version 0.95.0 (tex live 2016)
mkiv lua stats  > control sequences: 44132 of 65536 + 100000
mkiv lua stats  > lua properties: engine: lua, used memory: 77 MB (ctx: 77 MB), hash type: lua, hash chars: min(64,40), symbol mask: utf (τεχ)
mkiv lua stats  > runtime: 0.607 seconds, 1 processed pages, 1 shipped pages, 1.647 pages/second

